[0m22:06:43.803683 [debug] [MainThread]: Sending event: {'category': 'dbt', 'action': 'invocation', 'label': 'start', 'context': [<snowplow_tracker.self_describing_json.SelfDescribingJson object at 0x000001DFFE6B1E80>, <snowplow_tracker.self_describing_json.SelfDescribingJson object at 0x000001DFFB3BED50>, <snowplow_tracker.self_describing_json.SelfDescribingJson object at 0x000001DFFFA6FC50>]}


============================== 22:06:43.811939 | 9bda6db9-1de8-445e-981c-eb5eaa9b1b0e ==============================
[0m22:06:43.811939 [info ] [MainThread]: Running with dbt=1.11.11
[0m22:06:43.813305 [debug] [MainThread]: running dbt with arguments {'version_check': 'True', 'no_print': 'None', 'static_parser': 'True', 'warn_error_options': 'WarnErrorOptionsV2(error=[], warn=[], silence=[])', 'target_path': 'None', 'printer_width': '80', 'write_json': 'True', 'empty': 'None', 'log_cache_events': 'False', 'introspect': 'True', 'cache_selected_only': 'False', 'fail_fast': 'False', 'debug': 'False', 'log_format': 'default', 'partial_parse': 'True', 'send_anonymous_usage_stats': 'True', 'quiet': 'False', 'warn_error': 'None', 'profiles_dir': 'C:\\Users\\dutta\\.dbt', 'invocation_command': 'dbt init health_dbt', 'indirect_selection': 'eager', 'use_colors': 'True', 'use_experimental_parser': 'False', 'log_path': 'logs'}
[0m22:06:43.854904 [debug] [MainThread]: Starter project path: C:\Users\dutta\rural-health-pipeline\venv\Lib\site-packages\dbt\include\starter_project
[0m22:06:43.886172 [info ] [MainThread]: 
Your new dbt project "health_dbt" was created!

For more information on how to configure the profiles.yml file,
please consult the dbt documentation here:

  https://docs.getdbt.com/docs/configure-your-profile

One more thing:

Need help? Don't hesitate to reach out to us via GitHub issues or on Slack:

  https://community.getdbt.com/

Happy modeling!

[0m22:06:43.887290 [info ] [MainThread]: Setting up your profile.
[0m22:06:50.803394 [debug] [MainThread]: Command `dbt init` succeeded at 22:06:50.802926 after 7.29 seconds
[0m22:06:50.804012 [debug] [MainThread]: Sending event: {'category': 'dbt', 'action': 'invocation', 'label': 'end', 'context': [<snowplow_tracker.self_describing_json.SelfDescribingJson object at 0x000001DFFFA96C40>, <snowplow_tracker.self_describing_json.SelfDescribingJson object at 0x000001DFFE57DB50>, <snowplow_tracker.self_describing_json.SelfDescribingJson object at 0x000001DFFFB2EE00>]}
[0m22:06:50.804621 [debug] [MainThread]: Flushing usage events
[0m22:06:52.527614 [debug] [MainThread]: An error was encountered while trying to flush usage events
[0m23:35:06.280512 [debug] [MainThread]: Sending event: {'category': 'dbt', 'action': 'invocation', 'label': 'start', 'context': [<snowplow_tracker.self_describing_json.SelfDescribingJson object at 0x0000025348B01E80>, <snowplow_tracker.self_describing_json.SelfDescribingJson object at 0x000002534581ED50>, <snowplow_tracker.self_describing_json.SelfDescribingJson object at 0x000002534AEEFB10>]}


============================== 23:35:06.284381 | f960cb29-4bc3-4112-83a1-d9c77ea8c334 ==============================
[0m23:35:06.284381 [info ] [MainThread]: Running with dbt=1.11.11
[0m23:35:06.285088 [debug] [MainThread]: running dbt with arguments {'static_parser': 'True', 'no_print': 'None', 'version_check': 'True', 'warn_error_options': 'WarnErrorOptionsV2(error=[], warn=[], silence=[])', 'target_path': 'None', 'printer_width': '80', 'write_json': 'True', 'empty': 'False', 'log_cache_events': 'False', 'introspect': 'True', 'cache_selected_only': 'False', 'log_format': 'default', 'debug': 'False', 'fail_fast': 'False', 'profiles_dir': 'C:\\Users\\dutta\\.dbt', 'send_anonymous_usage_stats': 'True', 'quiet': 'False', 'warn_error': 'None', 'partial_parse': 'True', 'use_colors': 'True', 'invocation_command': 'dbt run', 'indirect_selection': 'eager', 'use_experimental_parser': 'False', 'log_path': 'logs'}
[0m23:35:06.285482 [error] [MainThread]: Encountered an error:
Runtime Error
  No dbt_project.yml found at expected path C:\Users\dutta\rural-health-pipeline\dbt_project.yml
  Verify that each entry within packages.yml (and their transitive dependencies) contains a file named dbt_project.yml
  
[0m23:35:06.286381 [debug] [MainThread]: Command `dbt run` failed at 23:35:06.286287 after 0.13 seconds
[0m23:35:06.286649 [debug] [MainThread]: Sending event: {'category': 'dbt', 'action': 'invocation', 'label': 'end', 'context': [<snowplow_tracker.self_describing_json.SelfDescribingJson object at 0x000002534AEFA780>, <snowplow_tracker.self_describing_json.SelfDescribingJson object at 0x000002534AF3CEF0>, <snowplow_tracker.self_describing_json.SelfDescribingJson object at 0x000002534AEE1AE0>]}
[0m23:35:06.286906 [debug] [MainThread]: Flushing usage events
[0m23:35:07.750480 [debug] [MainThread]: An error was encountered while trying to flush usage events
